\BOOKMARK [1][-]{section.1}{Problem Statement-1}{}% 1
\BOOKMARK [2][-]{subsection.1.1}{Problem statement}{section.1}% 2
\BOOKMARK [2][-]{subsection.1.2}{Assumptions}{section.1}% 3
\BOOKMARK [2][-]{subsection.1.3}{Program structure}{section.1}% 4
\BOOKMARK [2][-]{subsection.1.4}{Algorithm and Implementation}{section.1}% 5
\BOOKMARK [2][-]{subsection.1.5}{Input and output format}{section.1}% 6
\BOOKMARK [2][-]{subsection.1.6}{Test cases}{section.1}% 7
\BOOKMARK [2][-]{subsection.1.7}{Difficulties/Issues faced}{section.1}% 8
\BOOKMARK [2][-]{subsection.1.8}{Screenshots}{section.1}% 9
\BOOKMARK [1][-]{section.2}{Problem Statement-2}{}% 10
\BOOKMARK [2][-]{subsection.2.1}{Problem statement}{section.2}% 11
\BOOKMARK [2][-]{subsection.2.2}{Assumptions}{section.2}% 12
\BOOKMARK [2][-]{subsection.2.3}{Program structure}{section.2}% 13
\BOOKMARK [2][-]{subsection.2.4}{Algorithm and Implementation}{section.2}% 14
\BOOKMARK [2][-]{subsection.2.5}{Input and output format}{section.2}% 15
\BOOKMARK [2][-]{subsection.2.6}{Test cases}{section.2}% 16
\BOOKMARK [2][-]{subsection.2.7}{Difficulties/Issues faced}{section.2}% 17
\BOOKMARK [2][-]{subsection.2.8}{Screenshots}{section.2}% 18
\BOOKMARK [1][-]{section.3}{Appendix}{}% 19
\BOOKMARK [2][-]{subsection.3.1}{Appendix-A Code for ps1}{section.3}% 20
\BOOKMARK [2][-]{subsection.3.2}{Appendix-B Code for ps2}{section.3}% 21
